<?xml version="1.0" encoding="UTF-8"?>
<testsuite xmlns:xsi="http://www.w3.org/2001/XMLSchema-instance" xsi:noNamespaceSchemaLocation="https://maven.apache.org/surefire/maven-surefire-plugin/xsd/surefire-test-report.xsd" version="3.0.2" name="com.authservice.auth_service.controller.LoginControllerTest" time="1.237" tests="8" errors="0" skipped="0" failures="0">
  <properties>
[...]
</properties>
  <testcase name="testLoginGeneralException" classname="com.authservice.auth_service.controller.LoginControllerTest" time="0.327">
    <system-out><![CDATA[2025-01-15 16:21:13 - Could not detect default configuration classes for test class [com.authservice.auth_service.controller.LoginControllerTest]: LoginControllerTest does not declare any static, non-private, non-final, nested classes annotated with @Configuration.
2025-01-15 16:21:13 - Found @SpringBootConfiguration com.authservice.auth_service.AuthServiceApplication for test class com.authservice.auth_service.controller.LoginControllerTest

  .   ____          _            __ _ _
 /\\ / ___'_ __ _ _(_)_ __  __ _ \ \ \ \
( ( )\___ | '_ | '_| | '_ \/ _` | \ \ \ \
 \\/  ___)| |_)| | | | | || (_| |  ) ) ) )
  '  |____| .__|_| |_|_| |_\__, | / / / /
 =========|_|==============|___/=/_/_/_/

 :: Spring Boot ::                (v3.4.1)

2025-01-15 16:21:14 - Starting LoginControllerTest using Java 17.0.2 with PID 8736 (started by usuario in C:\Users\usuario\Desktop\auth-service)
2025-01-15 16:21:14 - No active profile set, falling back to 1 default profile: "default"
2025-01-15 16:21:14 - Bootstrapping Spring Data JPA repositories in DEFAULT mode.
2025-01-15 16:21:14 - Finished Spring Data repository scanning in 11 ms. Found 1 JPA repository interface.
2025-01-15 16:21:14 - HHH000204: Processing PersistenceUnitInfo [name: default]
2025-01-15 16:21:14 - HHH000026: Second-level cache disabled
2025-01-15 16:21:14 - No LoadTimeWeaver setup: ignoring JPA class transformer
2025-01-15 16:21:14 - HikariPool-2 - Starting...
2025-01-15 16:21:14 - HikariPool-2 - Added connection com.mysql.cj.jdbc.ConnectionImpl@63c07eaf
2025-01-15 16:21:14 - HikariPool-2 - Start completed.
2025-01-15 16:21:14 - HHH90000025: MySQLDialect does not need to be specified explicitly using 'hibernate.dialect' (remove the property setting and it will be selected by default)
2025-01-15 16:21:14 - HHH10001005: Database info:
	Database JDBC URL [Connecting through datasource 'HikariDataSource (HikariPool-2)']
	Database driver: undefined/unknown
	Database version: 8.0.36
	Autocommit mode: undefined/unknown
	Isolation level: undefined/unknown
	Minimum pool size: undefined/unknown
	Maximum pool size: undefined/unknown
2025-01-15 16:21:14 - HHH000489: No JTA platform available (set 'hibernate.transaction.jta.platform' to enable JTA platform integration)
2025-01-15 16:21:14 - Initialized JPA EntityManagerFactory for persistence unit 'default'
2025-01-15 16:21:14 - spring.jpa.open-in-view is enabled by default. Therefore, database queries may be performed during view rendering. Explicitly configure spring.jpa.open-in-view to disable this warning
2025-01-15 16:21:14 - Initializing Spring TestDispatcherServlet ''
2025-01-15 16:21:14 - Initializing Servlet ''
2025-01-15 16:21:14 - Completed initialization in 0 ms
2025-01-15 16:21:14 - Started LoginControllerTest in 0.567 seconds (process running for 5.446)
2025-01-15 16:21:14 - Initializing Spring TestDispatcherServlet ''
2025-01-15 16:21:14 - Initializing Servlet ''
2025-01-15 16:21:14 - Completed initialization in 1 ms

MockHttpServletRequest:
      HTTP Method = POST
      Request URI = /api/auth/login
       Parameters = {}
          Headers = [Content-Type:"application/json", Content-Length:"56"]
             Body = <no character encoding set>
    Session Attrs = {}

Handler:
             Type = com.authservice.auth_service.controller.LoginController
           Method = com.authservice.auth_service.controller.LoginController#login(LoginRequestDTO)

Async:
    Async started = false
     Async result = null

Resolved Exception:
             Type = java.lang.RuntimeException

ModelAndView:
        View name = null
             View = null
            Model = null

FlashMap:
       Attributes = null

MockHttpServletResponse:
           Status = 500
    Error message = null
          Headers = [Content-Type:"application/json"]
     Content type = application/json
             Body = {"message":"An error occurred: Unexpected error","data":null}
    Forwarded URL = null
   Redirected URL = null
          Cookies = []
]]></system-out>
  </testcase>
  <testcase name="testLoginSuccess" classname="com.authservice.auth_service.controller.LoginControllerTest" time="0.035">
    <system-out><![CDATA[2025-01-15 16:21:15 - Initializing Spring TestDispatcherServlet ''
2025-01-15 16:21:15 - Initializing Servlet ''
2025-01-15 16:21:15 - Completed initialization in 0 ms

MockHttpServletRequest:
      HTTP Method = POST
      Request URI = /api/auth/login
       Parameters = {}
          Headers = [Content-Type:"application/json", Content-Length:"63"]
             Body = <no character encoding set>
    Session Attrs = {}

Handler:
             Type = com.authservice.auth_service.controller.LoginController
           Method = com.authservice.auth_service.controller.LoginController#login(LoginRequestDTO)

Async:
    Async started = false
     Async result = null

Resolved Exception:
             Type = null

ModelAndView:
        View name = null
             View = null
            Model = null

FlashMap:
       Attributes = null

MockHttpServletResponse:
           Status = 200
    Error message = null
          Headers = [Content-Type:"application/json"]
     Content type = application/json
             Body = {"message":"Login successful","data":"mocked-token"}
    Forwarded URL = null
   Redirected URL = null
          Cookies = []
]]></system-out>
  </testcase>
  <testcase name="testLoginFieldValidation" classname="com.authservice.auth_service.controller.LoginControllerTest" time="0.033">
    <system-out><![CDATA[2025-01-15 16:21:15 - Initializing Spring TestDispatcherServlet ''
2025-01-15 16:21:15 - Initializing Servlet ''
2025-01-15 16:21:15 - Completed initialization in 0 ms

MockHttpServletRequest:
      HTTP Method = POST
      Request URI = /api/auth/login
       Parameters = {}
          Headers = [Content-Type:"application/json", Content-Length:"42"]
             Body = <no character encoding set>
    Session Attrs = {}

Handler:
             Type = com.authservice.auth_service.controller.LoginController
           Method = com.authservice.auth_service.controller.LoginController#login(LoginRequestDTO)

Async:
    Async started = false
     Async result = null

Resolved Exception:
             Type = org.springframework.web.bind.MethodArgumentNotValidException

ModelAndView:
        View name = null
             View = null
            Model = null

FlashMap:
       Attributes = null

MockHttpServletResponse:
           Status = 400
    Error message = null
          Headers = [Content-Type:"application/json"]
     Content type = application/json
             Body = {"message":"It must be a valid email, Password is required","data":null}
    Forwarded URL = null
   Redirected URL = null
          Cookies = []
]]></system-out>
  </testcase>
  <testcase name="testLoginMissingFields" classname="com.authservice.auth_service.controller.LoginControllerTest" time="0.023">
    <system-out><![CDATA[2025-01-15 16:21:15 - Initializing Spring TestDispatcherServlet ''
2025-01-15 16:21:15 - Initializing Servlet ''
2025-01-15 16:21:15 - Completed initialization in 0 ms

MockHttpServletRequest:
      HTTP Method = POST
      Request URI = /api/auth/login
       Parameters = {}
          Headers = [Content-Type:"application/json", Content-Length:"24"]
             Body = <no character encoding set>
    Session Attrs = {}

Handler:
             Type = com.authservice.auth_service.controller.LoginController
           Method = com.authservice.auth_service.controller.LoginController#login(LoginRequestDTO)

Async:
    Async started = false
     Async result = null

Resolved Exception:
             Type = com.authservice.auth_service.exception.EmptyFieldException

ModelAndView:
        View name = null
             View = null
            Model = null

FlashMap:
       Attributes = null

MockHttpServletResponse:
           Status = 400
    Error message = null
          Headers = [Content-Type:"application/json"]
     Content type = application/json
             Body = {"message":"Field cannot be empty: Email","data":null}
    Forwarded URL = null
   Redirected URL = null
          Cookies = []
]]></system-out>
  </testcase>
  <testcase name="testLoginDatabaseError" classname="com.authservice.auth_service.controller.LoginControllerTest" time="0.022">
    <system-out><![CDATA[2025-01-15 16:21:15 - Initializing Spring TestDispatcherServlet ''
2025-01-15 16:21:15 - Initializing Servlet ''
2025-01-15 16:21:15 - Completed initialization in 0 ms

MockHttpServletRequest:
      HTTP Method = POST
      Request URI = /api/auth/login
       Parameters = {}
          Headers = [Content-Type:"application/json", Content-Length:"58"]
             Body = <no character encoding set>
    Session Attrs = {}

Handler:
             Type = com.authservice.auth_service.controller.LoginController
           Method = com.authservice.auth_service.controller.LoginController#login(LoginRequestDTO)

Async:
    Async started = false
     Async result = null

Resolved Exception:
             Type = com.authservice.auth_service.exception.DatabaseConnectionException

ModelAndView:
        View name = null
             View = null
            Model = null

FlashMap:
       Attributes = null

MockHttpServletResponse:
           Status = 500
    Error message = null
          Headers = [Content-Type:"application/json"]
     Content type = application/json
             Body = {"message":"Error connecting to the database","data":null}
    Forwarded URL = null
   Redirected URL = null
          Cookies = []
]]></system-out>
  </testcase>
  <testcase name="testLoginInvalidJson" classname="com.authservice.auth_service.controller.LoginControllerTest" time="0.017">
    <system-out><![CDATA[2025-01-15 16:21:15 - Initializing Spring TestDispatcherServlet ''
2025-01-15 16:21:15 - Initializing Servlet ''
2025-01-15 16:21:15 - Completed initialization in 0 ms

MockHttpServletRequest:
      HTTP Method = POST
      Request URI = /api/auth/login
       Parameters = {}
          Headers = [Content-Type:"application/json", Content-Length:"41"]
             Body = <no character encoding set>
    Session Attrs = {}

Handler:
             Type = com.authservice.auth_service.controller.LoginController
           Method = com.authservice.auth_service.controller.LoginController#login(LoginRequestDTO)

Async:
    Async started = false
     Async result = null

Resolved Exception:
             Type = org.springframework.http.converter.HttpMessageNotReadableException

ModelAndView:
        View name = null
             View = null
            Model = null

FlashMap:
       Attributes = null

MockHttpServletResponse:
           Status = 400
    Error message = null
          Headers = [Content-Type:"application/json"]
     Content type = application/json
             Body = {"message":"Malformed JSON request","data":null}
    Forwarded URL = null
   Redirected URL = null
          Cookies = []
]]></system-out>
  </testcase>
  <testcase name="testLoginNullPointerException" classname="com.authservice.auth_service.controller.LoginControllerTest" time="0.019">
    <system-out><![CDATA[2025-01-15 16:21:15 - Initializing Spring TestDispatcherServlet ''
2025-01-15 16:21:15 - Initializing Servlet ''
2025-01-15 16:21:15 - Completed initialization in 0 ms

MockHttpServletRequest:
      HTTP Method = POST
      Request URI = /api/auth/login
       Parameters = {}
          Headers = [Content-Type:"application/json", Content-Length:"56"]
             Body = <no character encoding set>
    Session Attrs = {}

Handler:
             Type = com.authservice.auth_service.controller.LoginController
           Method = com.authservice.auth_service.controller.LoginController#login(LoginRequestDTO)

Async:
    Async started = false
     Async result = null

Resolved Exception:
             Type = java.lang.NullPointerException

ModelAndView:
        View name = null
             View = null
            Model = null

FlashMap:
       Attributes = null

MockHttpServletResponse:
           Status = 500
    Error message = null
          Headers = [Content-Type:"application/json"]
     Content type = application/json
             Body = {"message":"NullPointerException","data":null}
    Forwarded URL = null
   Redirected URL = null
          Cookies = []
]]></system-out>
  </testcase>
  <testcase name="testLoginInvalidCredentials" classname="com.authservice.auth_service.controller.LoginControllerTest" time="0.02">
    <system-out><![CDATA[2025-01-15 16:21:15 - Initializing Spring TestDispatcherServlet ''
2025-01-15 16:21:15 - Initializing Servlet ''
2025-01-15 16:21:15 - Completed initialization in 0 ms

MockHttpServletRequest:
      HTTP Method = POST
      Request URI = /api/auth/login
       Parameters = {}
          Headers = [Content-Type:"application/json", Content-Length:"61"]
             Body = <no character encoding set>
    Session Attrs = {}

Handler:
             Type = com.authservice.auth_service.controller.LoginController
           Method = com.authservice.auth_service.controller.LoginController#login(LoginRequestDTO)

Async:
    Async started = false
     Async result = null

Resolved Exception:
             Type = com.authservice.auth_service.exception.BadCredentialsException

ModelAndView:
        View name = null
             View = null
            Model = null

FlashMap:
       Attributes = null

MockHttpServletResponse:
           Status = 401
    Error message = null
          Headers = [Content-Type:"application/json"]
     Content type = application/json
             Body = {"message":"Invalid email or password","data":null}
    Forwarded URL = null
   Redirected URL = null
          Cookies = []
]]></system-out>
  </testcase>
</testsuite>