<?xml version="1.0" encoding="UTF-8"?>
<testsuite xmlns:xsi="http://www.w3.org/2001/XMLSchema-instance" xsi:noNamespaceSchemaLocation="https://maven.apache.org/surefire/maven-surefire-plugin/xsd/surefire-test-report.xsd" version="3.0.2" name="com.authservice.auth_service.controller.RegisterControllerTest" time="0.166" tests="7" errors="0" skipped="0" failures="4">
  <properties>
[...]
</properties>
  <testcase name="testRegisterInvalidEmail" classname="com.authservice.auth_service.controller.RegisterControllerTest" time="0.052">
    <failure message="JSON path &quot;$.message&quot; expected:&lt;Please provide a valid email address&gt; but was:&lt;Validation failed&gt;" type="java.lang.AssertionError"><![CDATA[java.lang.AssertionError: JSON path "$.message" expected:<Please provide a valid email address> but was:<Validation failed>
	at org.springframework.test.util.AssertionErrors.fail(AssertionErrors.java:61)
	at org.springframework.test.util.AssertionErrors.assertEquals(AssertionErrors.java:128)
	at org.springframework.test.util.JsonPathExpectationsHelper.assertValue(JsonPathExpectationsHelper.java:172)
	at org.springframework.test.web.servlet.result.JsonPathResultMatchers.lambda$value$2(JsonPathResultMatchers.java:112)
	at org.springframework.test.web.servlet.MockMvc$1.andExpect(MockMvc.java:214)
	at com.authservice.auth_service.controller.RegisterControllerTest.testRegisterInvalidEmail(RegisterControllerTest.java:79)
	at java.base/java.lang.reflect.Method.invoke(Method.java:568)
	at java.base/java.util.ArrayList.forEach(ArrayList.java:1511)
	at java.base/java.util.ArrayList.forEach(ArrayList.java:1511)
]]></failure>
    <system-out><![CDATA[2025-01-16 22:40:59 - Initializing Spring TestDispatcherServlet ''
2025-01-16 22:40:59 - Initializing Servlet ''
2025-01-16 22:40:59 - Completed initialization in 1 ms
]]></system-out>
  </testcase>
  <testcase name="testRegisterInvalidPassword" classname="com.authservice.auth_service.controller.RegisterControllerTest" time="0.017">
    <failure message="JSON path &quot;$.message&quot; expected:&lt;Password must contain at least one uppercase letter, one lowercase letter, and one number, Password must be at least 8 characters long&gt; but was:&lt;Validation failed&gt;" type="java.lang.AssertionError"><![CDATA[java.lang.AssertionError: JSON path "$.message" expected:<Password must contain at least one uppercase letter, one lowercase letter, and one number, Password must be at least 8 characters long> but was:<Validation failed>
	at org.springframework.test.util.AssertionErrors.fail(AssertionErrors.java:61)
	at org.springframework.test.util.AssertionErrors.assertEquals(AssertionErrors.java:128)
	at org.springframework.test.util.JsonPathExpectationsHelper.assertValue(JsonPathExpectationsHelper.java:172)
	at org.springframework.test.web.servlet.result.JsonPathResultMatchers.lambda$value$2(JsonPathResultMatchers.java:112)
	at org.springframework.test.web.servlet.MockMvc$1.andExpect(MockMvc.java:214)
	at com.authservice.auth_service.controller.RegisterControllerTest.testRegisterInvalidPassword(RegisterControllerTest.java:90)
	at java.base/java.lang.reflect.Method.invoke(Method.java:568)
	at java.base/java.util.ArrayList.forEach(ArrayList.java:1511)
	at java.base/java.util.ArrayList.forEach(ArrayList.java:1511)
]]></failure>
    <system-out><![CDATA[2025-01-16 22:40:59 - Initializing Spring TestDispatcherServlet ''
2025-01-16 22:40:59 - Initializing Servlet ''
2025-01-16 22:40:59 - Completed initialization in 0 ms
]]></system-out>
  </testcase>
  <testcase name="testRegisterPasswordWithoutUppercase" classname="com.authservice.auth_service.controller.RegisterControllerTest" time="0.014">
    <failure message="JSON path &quot;$.message&quot; expected:&lt;Password must contain at least one uppercase letter, one lowercase letter, and one number&gt; but was:&lt;Validation failed&gt;" type="java.lang.AssertionError"><![CDATA[java.lang.AssertionError: JSON path "$.message" expected:<Password must contain at least one uppercase letter, one lowercase letter, and one number> but was:<Validation failed>
	at org.springframework.test.util.AssertionErrors.fail(AssertionErrors.java:61)
	at org.springframework.test.util.AssertionErrors.assertEquals(AssertionErrors.java:128)
	at org.springframework.test.util.JsonPathExpectationsHelper.assertValue(JsonPathExpectationsHelper.java:172)
	at org.springframework.test.web.servlet.result.JsonPathResultMatchers.lambda$value$2(JsonPathResultMatchers.java:112)
	at org.springframework.test.web.servlet.MockMvc$1.andExpect(MockMvc.java:214)
	at com.authservice.auth_service.controller.RegisterControllerTest.testRegisterPasswordWithoutUppercase(RegisterControllerTest.java:100)
	at java.base/java.lang.reflect.Method.invoke(Method.java:568)
	at java.base/java.util.ArrayList.forEach(ArrayList.java:1511)
	at java.base/java.util.ArrayList.forEach(ArrayList.java:1511)
]]></failure>
    <system-out><![CDATA[2025-01-16 22:40:59 - Initializing Spring TestDispatcherServlet ''
2025-01-16 22:40:59 - Initializing Servlet ''
2025-01-16 22:40:59 - Completed initialization in 0 ms
]]></system-out>
  </testcase>
  <testcase name="testRegisterInvalidJson" classname="com.authservice.auth_service.controller.RegisterControllerTest" time="0.018">
    <system-out><![CDATA[2025-01-16 22:40:59 - Initializing Spring TestDispatcherServlet ''
2025-01-16 22:40:59 - Initializing Servlet ''
2025-01-16 22:40:59 - Completed initialization in 0 ms

MockHttpServletRequest:
      HTTP Method = POST
      Request URI = /api/auth/register
       Parameters = {}
          Headers = [Content-Type:"application/json", Content-Length:"99"]
             Body = <no character encoding set>
    Session Attrs = {}

Handler:
             Type = com.authservice.auth_service.controller.RegisterController
           Method = com.authservice.auth_service.controller.RegisterController#register(RegisterRequestDTO)

Async:
    Async started = false
     Async result = null

Resolved Exception:
             Type = org.springframework.http.converter.HttpMessageNotReadableException

ModelAndView:
        View name = null
             View = null
            Model = null

FlashMap:
       Attributes = null

MockHttpServletResponse:
           Status = 400
    Error message = null
          Headers = [Content-Type:"application/json"]
     Content type = application/json
             Body = {"message":"Malformed JSON request","data":null}
    Forwarded URL = null
   Redirected URL = null
          Cookies = []
]]></system-out>
  </testcase>
  <testcase name="testRegisterMissingEmail" classname="com.authservice.auth_service.controller.RegisterControllerTest" time="0.017">
    <failure message="JSON path &quot;$.message&quot; expected:&lt;Email is required&gt; but was:&lt;Validation failed&gt;" type="java.lang.AssertionError"><![CDATA[java.lang.AssertionError: JSON path "$.message" expected:<Email is required> but was:<Validation failed>
	at org.springframework.test.util.AssertionErrors.fail(AssertionErrors.java:61)
	at org.springframework.test.util.AssertionErrors.assertEquals(AssertionErrors.java:128)
	at org.springframework.test.util.JsonPathExpectationsHelper.assertValue(JsonPathExpectationsHelper.java:172)
	at org.springframework.test.web.servlet.result.JsonPathResultMatchers.lambda$value$2(JsonPathResultMatchers.java:112)
	at org.springframework.test.web.servlet.MockMvc$1.andExpect(MockMvc.java:214)
	at com.authservice.auth_service.controller.RegisterControllerTest.testRegisterMissingEmail(RegisterControllerTest.java:57)
	at java.base/java.lang.reflect.Method.invoke(Method.java:568)
	at java.base/java.util.ArrayList.forEach(ArrayList.java:1511)
	at java.base/java.util.ArrayList.forEach(ArrayList.java:1511)
]]></failure>
    <system-out><![CDATA[2025-01-16 22:40:59 - Initializing Spring TestDispatcherServlet ''
2025-01-16 22:40:59 - Initializing Servlet ''
2025-01-16 22:40:59 - Completed initialization in 0 ms
]]></system-out>
  </testcase>
  <testcase name="testRegisterGeneralException" classname="com.authservice.auth_service.controller.RegisterControllerTest" time="0.02">
    <system-out><![CDATA[2025-01-16 22:40:59 - Initializing Spring TestDispatcherServlet ''
2025-01-16 22:40:59 - Initializing Servlet ''
2025-01-16 22:40:59 - Completed initialization in 0 ms

MockHttpServletRequest:
      HTTP Method = POST
      Request URI = /api/auth/register
       Parameters = {}
          Headers = [Content-Type:"application/json", Content-Length:"114"]
             Body = <no character encoding set>
    Session Attrs = {}

Handler:
             Type = com.authservice.auth_service.controller.RegisterController
           Method = com.authservice.auth_service.controller.RegisterController#register(RegisterRequestDTO)

Async:
    Async started = false
     Async result = null

Resolved Exception:
             Type = java.lang.RuntimeException

ModelAndView:
        View name = null
             View = null
            Model = null

FlashMap:
       Attributes = null

MockHttpServletResponse:
           Status = 500
    Error message = null
          Headers = [Content-Type:"application/json"]
     Content type = application/json
             Body = {"message":"An error occurred: Unexpected error","data":null}
    Forwarded URL = null
   Redirected URL = null
          Cookies = []
]]></system-out>
  </testcase>
  <testcase name="testRegisterSuccess" classname="com.authservice.auth_service.controller.RegisterControllerTest" time="0.019">
    <system-out><![CDATA[2025-01-16 22:40:59 - Initializing Spring TestDispatcherServlet ''
2025-01-16 22:40:59 - Initializing Servlet ''
2025-01-16 22:40:59 - Completed initialization in 0 ms

MockHttpServletRequest:
      HTTP Method = POST
      Request URI = /api/auth/register
       Parameters = {}
          Headers = [Content-Type:"application/json", Content-Length:"114"]
             Body = <no character encoding set>
    Session Attrs = {}

Handler:
             Type = com.authservice.auth_service.controller.RegisterController
           Method = com.authservice.auth_service.controller.RegisterController#register(RegisterRequestDTO)

Async:
    Async started = false
     Async result = null

Resolved Exception:
             Type = null

ModelAndView:
        View name = null
             View = null
            Model = null

FlashMap:
       Attributes = null

MockHttpServletResponse:
           Status = 201
    Error message = null
          Headers = [Content-Type:"application/json"]
     Content type = application/json
             Body = {"message":"User registered successfully","data":null}
    Forwarded URL = null
   Redirected URL = null
          Cookies = []
]]></system-out>
  </testcase>
</testsuite>